[debug] [2023-05-03T12:42:45.233Z] ----------------------------------------------------------------------
[debug] [2023-05-03T12:42:45.235Z] Command:       D:\Applications\Node Js\node.exe C:\Users\NovinTak\AppData\Roaming\npm\node_modules\firebase-tools\lib\bin\firebase.js init
[debug] [2023-05-03T12:42:45.236Z] CLI Version:   11.29.1
[debug] [2023-05-03T12:42:45.236Z] Platform:      win32
[debug] [2023-05-03T12:42:45.237Z] Node Version:  v18.0.0
[debug] [2023-05-03T12:42:45.238Z] Time:          Wed May 03 2023 17:12:45 GMT+0430 (Iran Daylight Time)
[debug] [2023-05-03T12:42:45.238Z] ----------------------------------------------------------------------
[debug] 
[debug] [2023-05-03T12:42:45.243Z] >>> [apiv2][query] GET https://firebase-public.firebaseio.com/cli.json [none]
[debug] [2023-05-03T12:42:45.356Z] > command requires scopes: ["email","openid","https://www.googleapis.com/auth/cloudplatformprojects.readonly","https://www.googleapis.com/auth/firebase","https://www.googleapis.com/auth/cloud-platform"]
[debug] [2023-05-03T12:42:45.356Z] > authorizing via signed-in user (aminetemadi222@gmail.com)
[info] 
     ######## #### ########  ######## ########     ###     ######  ########
     ##        ##  ##     ## ##       ##     ##  ##   ##  ##       ##
     ######    ##  ########  ######   ########  #########  ######  ######
     ##        ##  ##    ##  ##       ##     ## ##     ##       ## ##
     ##       #### ##     ## ######## ########  ##     ##  ######  ########

You're about to initialize a Firebase project in this directory:

  C:\Users\NovinTak\Desktop\firebase-course\amin-portfolio

[info] 
=== Project Setup
[info] 
[info] First, let's associate this project directory with a Firebase project.
[info] You can create multiple project aliases by running firebase use --add, 
[info] but for now we'll just set up a default project.
[info] 
[debug] [2023-05-03T12:42:55.788Z] >>> [apiv2][query] GET https://firebase.googleapis.com/v1beta1/projects pageSize=100
[debug] [2023-05-03T12:42:56.475Z] <<< [apiv2][status] GET https://firebase.googleapis.com/v1beta1/projects 403
[debug] [2023-05-03T12:42:56.475Z] <<< [apiv2][body] GET https://firebase.googleapis.com/v1beta1/projects [omitted]
[debug] [2023-05-03T12:42:56.475Z] Unable to parse JSON: SyntaxError: Unexpected token < in JSON at position 0
[debug] [2023-05-03T12:42:57.083Z] FirebaseError: Unable to parse JSON: SyntaxError: Unexpected token < in JSON at position 0
    at RetryOperation._fn (C:\Users\NovinTak\AppData\Roaming\npm\node_modules\firebase-tools\lib\apiv2.js:260:39)
    at process.processTicksAndRejections (node:internal/process/task_queues:95:5)
[error] 
[error] Error: Failed to list Firebase projects. See firebase-debug.log for more info.
